2024-08-19 07:20:02 [INFO] AnycubicPhotonWorkshop start!
2024-08-19 07:20:02 [INFO] argc:  2
2024-08-19 07:20:02 [WARN] "E:/Useful/AnycubicPhotonWorkshop"
2024-08-19 07:20:02 [WARN] Successfully init crashpad
2024-08-19 07:20:02 [WARN] Unable to enumerate family ' "Alibaba PuHuiTi 3.0 55 Regular L3" '
2024-08-19 07:20:03 [WARN] Unable to enumerate family ' "Alibaba PuHuiTi 3.0 95 ExtraBold" '
2024-08-19 07:20:03 [INFO] ctk manager plugins:  "E:/Useful/AnycubicPhotonWorkshop/plugins/"
2024-08-19 07:20:04 [INFO] Load plugin org.commontk.eventadmin success.
2024-08-19 07:20:04 [INFO] [Install Plugin] "E:/Useful/AnycubicPhotonWorkshop/plugins/splashwindow.dll"
2024-08-19 07:20:04 [INFO] Install Plugin Success!
2024-08-19 07:20:04 [WARN] Unable to enumerate family ' "Alibaba PuHuiTi 3.0 55 Regular L3" '
2024-08-19 07:20:04 [WARN] Unable to enumerate family ' "Alibaba PuHuiTi 3.0 95 ExtraBold" '
2024-08-19 07:20:06 [INFO] [Install Plugin] "E:/Useful/AnycubicPhotonWorkshop/plugins/printer.dll"
2024-08-19 07:20:06 [INFO] Install Plugin Success!
2024-08-19 07:20:07 [WARN] loadMachineResin currentPrinter(Anycubic Photon Mono 2) init success.
2024-08-19 07:20:08 [INFO] loadMachineParamRange is success.
2024-08-19 07:20:08 [INFO] loadMachineResinType is success.
2024-08-19 07:20:08 [INFO] loadMachineResinName is success.
2024-08-19 07:20:08 [INFO] [Install Plugin] "E:/Useful/AnycubicPhotonWorkshop/plugins/mainwindow.dll"
2024-08-19 07:20:08 [INFO] Install Plugin Success!
2024-08-19 07:20:13 [INFO] "current server is testserver. 0"
2024-08-19 07:20:13 [INFO] "environment_url is https://workbentch.s3.us-east-2.amazonaws.com/workshop/environment.ini"
2024-08-19 07:20:13 [INFO] QmlFactory 0.479 s
2024-08-19 07:20:13 [INFO] [Install Plugin] "E:/Useful/AnycubicPhotonWorkshop/plugins/autoupdater.dll"
2024-08-19 07:20:13 [INFO] Install Plugin Success!
2024-08-19 07:20:13 [INFO] [Install Plugin] "E:/Useful/AnycubicPhotonWorkshop/plugins/gareport.dll"
2024-08-19 07:20:13 [INFO] Install Plugin Success!
2024-08-19 07:20:13 [INFO] [Install Plugin] "E:/Useful/AnycubicPhotonWorkshop/plugins/accloud.dll"
2024-08-19 07:20:13 [INFO] Install Plugin Success!
2024-08-19 07:20:14 [WARN] ACCloudDataModel::ACCloudDataModel, importTempPath = C:/Users/Андрей/AppData/Local/Temp/ac_cloud/, dowloadPath = C:/Users/Андрей/Downloads/ac_cloud/
2024-08-19 07:20:14 [WARN] CountriesDataModel::setCurrCountryIdn, newCurrCountryIdn = CN
2024-08-19 07:20:14 [WARN] void __cdecl ACCloudNetRequest::getCountries(void)
2024-08-19 07:20:14 [WARN] void __cdecl ACCloudNetRequest::getPrintCtrlCodeReasons(void)
2024-08-19 07:20:15 [WARN] void __cdecl EventMiniHandlerCallback::event(const struct ReasonResponse *,unsigned int)
2024-08-19 07:20:17 [WARN] ACCloudManager::ACCloudManager, cloud model, build_time = 2024-02-28 17:54:44, git_brance = release/pws3.3, git_hash = d70c34a, git_commit = 2024-02-28
2024-08-19 07:20:17 [INFO] [Install Plugin] "E:/Useful/AnycubicPhotonWorkshop/plugins/facegen.dll"
2024-08-19 07:20:17 [INFO] Install Plugin Success!
2024-08-19 07:20:17 [WARN] Translation::changedSystemLanguage, language = 0
2024-08-19 07:20:17 [WARN] register  GizmoController
2024-08-19 07:20:20 [WARN] enableMenuShortcut menushort cut: 0
2024-08-19 07:20:20 [INFO] uiState:  false
2024-08-19 07:20:20 [WARN] enableMenuShortcut menushort cut: 0
2024-08-19 07:20:21 [WARN] QFSFileEngine::open: No file name specified
2024-08-19 07:20:21 [WARN] Cannot open file '', because: No file name specified
2024-08-19 07:20:21 [WARN] QFSFileEngine::open: No file name specified
2024-08-19 07:20:21 [WARN] Cannot open file '', because: No file name specified
2024-08-19 07:20:21 [WARN] QFSFileEngine::open: No file name specified
2024-08-19 07:20:21 [WARN] Cannot open file '', because: No file name specified
2024-08-19 07:20:21 [WARN] QFSFileEngine::open: No file name specified
2024-08-19 07:20:21 [WARN] Cannot open file '', because: No file name specified
2024-08-19 07:20:21 [WARN] QFSFileEngine::open: No file name specified
2024-08-19 07:20:21 [WARN] Cannot open file '', because: No file name specified
2024-08-19 07:20:21 [WARN] QFSFileEngine::open: No file name specified
2024-08-19 07:20:21 [WARN] Cannot open file '', because: No file name specified
2024-08-19 07:20:21 [WARN] QFSFileEngine::open: No file name specified
2024-08-19 07:20:21 [WARN] Cannot open file '', because: No file name specified
2024-08-19 07:20:21 [WARN] xChanged 1
2024-08-19 07:20:21 [INFO] event:  "splash_window_visible" data:  QVariant(bool, false) extentionData:  QVariant(Invalid)
2024-08-19 07:20:21 [INFO] event:  "main_load" data:  QVariant(Invalid) extentionData:  QVariant(Invalid)
2024-08-19 07:20:21 [INFO] event:  "main_language_changed" data:  QVariant(int, 0) extentionData:  QVariant(Invalid)
2024-08-19 07:20:21 [WARN] void __cdecl PrintersDataModel::onReasonResponse(const struct ReasonResponse *,int)
count = 220
2024-08-19 07:20:21 [INFO] uiState:  true
2024-08-19 07:20:22 [WARN] creating renderer
2024-08-19 07:20:22 [WARN] printer valid --:  71.68 44.55
2024-08-19 07:20:22 [WARN] printer build --:  71.68 44.8
2024-08-19 07:20:22 [WARN] deltaX -- :  0
2024-08-19 07:20:22 [WARN] deltaY -- :  0.25
2024-08-19 07:20:22 [WARN] machine boarder width 1--------------------  0 0.25
2024-08-19 07:20:22 [WARN] create planar shadow node
2024-08-19 07:20:22 [WARN] loadGizmoRotationHead OK 576
2024-08-19 07:20:22 [INFO] osg_scene_root::traverse nv_class =  "" ,name =  "NodeVisitor"
2024-08-19 07:20:22 [INFO] osg_scene_root::traverse nv_class =  "" ,name =  "\"CollectedCoordinateSystemNodesVisitor\""
2024-08-19 07:20:22 [INFO] osg_scene_root::traverse nv_class =  "" ,name =  "ComputeBoundsVisitor"
2024-08-19 07:20:22 [INFO]  camera_manipulator::home
2024-08-19 07:20:22 [INFO]  camera_manipulator::home/ComputeBound
2024-08-19 07:20:22 [INFO]  camera_manipulator::home
2024-08-19 07:20:22 [INFO]  camera_manipulator::home/ComputeBound
2024-08-19 07:20:22 [INFO]  camera_manipulator::home/BoundingSphere
2024-08-19 07:20:22 [INFO] osg_scene_root::traverse nv_class =  "CollectMatchGeodeVisitor" ,name =  "NodeVisitor"
2024-08-19 07:20:22 [INFO]  camera_manipulator::home/udpate_view
2024-08-19 07:20:22 [INFO] osg_scene_root::traverse nv_class =  "" ,name =  "GLObjectsVisitor"
2024-08-19 07:20:23 [WARN] GL Verison:  0x7ff8116d8678
2024-08-19 07:20:23 [WARN] GL Renderer:  0x17f895b0d10
2024-08-19 07:20:23 [WARN] compile shader program ok
2024-08-19 07:20:23 [WARN] compile shader program ok
2024-08-19 07:20:23 [WARN] compile shader program ok
2024-08-19 07:20:23 [WARN] AnyGizmos::Im3d_Init      LoadCompileShader Ok
2024-08-19 07:20:23 [WARN] AnyGizmos::Im3d_Init   VAO release Ok
2024-08-19 07:20:23 [INFO] osg_scene_root::traverse nv_class =  "CollectMatchGeodeVisitor" ,name =  "NodeVisitor"
2024-08-19 07:20:23 [INFO] osg_scene_root::traverse nv_class =  "CollectMatchGeodeVisitor" ,name =  "NodeVisitor"
2024-08-19 07:20:23 [INFO] osg_scene_root::traverse nv_class =  "CollectMatchGeodeVisitor" ,name =  "NodeVisitor"
2024-08-19 07:20:23 [INFO] osg_scene_root::traverse nv_class =  "CollectMatchGeodeVisitor" ,name =  "NodeVisitor"
2024-08-19 07:20:23 [INFO] osg_scene_root::traverse nv_class =  "CollectMatchGeodeVisitor" ,name =  "NodeVisitor"
2024-08-19 07:20:23 [WARN] QFSFileEngine::open: No file name specified
2024-08-19 07:20:23 [WARN] Cannot open file '', because: No file name specified
2024-08-19 07:20:23 [WARN] QFSFileEngine::open: No file name specified
2024-08-19 07:20:23 [WARN] Cannot open file '', because: No file name specified
2024-08-19 07:20:23 [INFO] osg_scene_root::traverse nv_class =  "CollectMatchGeodeVisitor" ,name =  "NodeVisitor"
2024-08-19 07:20:23 [INFO] event:  "updater_init_compeleted" data:  QVariant(Invalid) extentionData:  QVariant(Invalid)
2024-08-19 07:20:23 [INFO] osg_scene_root::traverse nv_class =  "CollectMatchGeodeVisitor" ,name =  "NodeVisitor"
2024-08-19 07:20:23 [INFO] osg_scene_root::traverse nv_class =  "CollectMatchGeodeVisitor" ,name =  "NodeVisitor"
2024-08-19 07:20:23 [INFO] osg_scene_root::traverse nv_class =  "CollectMatchGeodeVisitor" ,name =  "NodeVisitor"
2024-08-19 07:20:23 [INFO] osg_scene_root::traverse nv_class =  "CollectMatchGeodeVisitor" ,name =  "NodeVisitor"
2024-08-19 07:20:23 [INFO] osg_scene_root::traverse nv_class =  "CollectMatchGeodeVisitor" ,name =  "NodeVisitor"
2024-08-19 07:20:23 [INFO] osg_scene_root::traverse nv_class =  "CollectMatchGeodeVisitor" ,name =  "NodeVisitor"
2024-08-19 07:20:23 [INFO] osg_scene_root::traverse nv_class =  "CollectMatchGeodeVisitor" ,name =  "NodeVisitor"
2024-08-19 07:20:24 [INFO] osg_scene_root::traverse nv_class =  "CollectMatchGeodeVisitor" ,name =  "NodeVisitor"
2024-08-19 07:20:24 [INFO] osg_scene_root::traverse nv_class =  "CollectMatchGeodeVisitor" ,name =  "NodeVisitor"
2024-08-19 07:20:24 [INFO] osg_scene_root::traverse nv_class =  "CollectMatchGeodeVisitor" ,name =  "NodeVisitor"
2024-08-19 07:20:24 [INFO] osg_scene_root::traverse nv_class =  "CollectMatchGeodeVisitor" ,name =  "NodeVisitor"
2024-08-19 07:20:24 [INFO] osg_scene_root::traverse nv_class =  "CollectMatchGeodeVisitor" ,name =  "NodeVisitor"
2024-08-19 07:20:24 [INFO] osg_scene_root::traverse nv_class =  "CollectMatchGeodeVisitor" ,name =  "NodeVisitor"
2024-08-19 07:20:24 [INFO] osg_scene_root::traverse nv_class =  "CollectMatchGeodeVisitor" ,name =  "NodeVisitor"
2024-08-19 07:20:24 [INFO] osg_scene_root::traverse nv_class =  "CollectMatchGeodeVisitor" ,name =  "NodeVisitor"
2024-08-19 07:20:24 [INFO] osg_scene_root::traverse nv_class =  "CollectMatchGeodeVisitor" ,name =  "NodeVisitor"
2024-08-19 07:20:24 [INFO] osg_scene_root::traverse nv_class =  "CollectMatchGeodeVisitor" ,name =  "NodeVisitor"
2024-08-19 07:20:24 [INFO] osg_scene_root::traverse nv_class =  "CollectMatchGeodeVisitor" ,name =  "NodeVisitor"
2024-08-19 07:20:24 [INFO] osg_scene_root::traverse nv_class =  "CollectMatchGeodeVisitor" ,name =  "NodeVisitor"
2024-08-19 07:20:24 [INFO] osg_scene_root::traverse nv_class =  "CollectMatchGeodeVisitor" ,name =  "NodeVisitor"
2024-08-19 07:20:24 [INFO] osg_scene_root::traverse nv_class =  "CollectMatchGeodeVisitor" ,name =  "NodeVisitor"
2024-08-19 07:20:24 [INFO] osg_scene_root::traverse nv_class =  "CollectMatchGeodeVisitor" ,name =  "NodeVisitor"
2024-08-19 07:20:24 [INFO] osg_scene_root::traverse nv_class =  "CollectMatchGeodeVisitor" ,name =  "NodeVisitor"
2024-08-19 07:20:24 [INFO] osg_scene_root::traverse nv_class =  "CollectMatchGeodeVisitor" ,name =  "NodeVisitor"
2024-08-19 07:20:24 [WARN] QFSFileEngine::open: No file name specified
2024-08-19 07:20:24 [WARN] Cannot open file '', because: No file name specified
2024-08-19 07:20:24 [WARN] QFSFileEngine::open: No file name specified
2024-08-19 07:20:24 [WARN] Cannot open file '', because: No file name specified
2024-08-19 07:20:24 [WARN] void __cdecl ACCloudNetRequest::getCountries(void)
2024-08-19 07:20:24 [WARN] void __cdecl ACCloudNetRequest::getPrintCtrlCodeReasons(void)
2024-08-19 07:20:24 [INFO] send post data success!
2024-08-19 07:20:24 [INFO] event:  "accloud_start_init" data:  QVariant(int, 0) extentionData:  QVariant(int, 0)
2024-08-19 07:20:24 [INFO] parseImportFiles model files: E:\Education\Хакатон Роснефть 2024\Вариант 2\Сборка.igs
2024-08-19 07:20:24 [INFO] parseImportFiles model files: E:\Education\Хакатон Роснефть 2024\Вариант 2\Сборка.igs
2024-08-19 07:20:24 [WARN]  - 1 ImportFilesDialog, importModelFiles file = E:\Education\Хакатон Роснефть 2024\Вариант 2\Сборка.igs, modelQualityChecked = true
2024-08-19 07:20:24 [INFO] "start check autoUpdater!"
2024-08-19 07:20:24 [INFO] event:  "updater_check" data:  QVariant(Invalid) extentionData:  QVariant(Invalid)
2024-08-19 07:20:24 [WARN] -slot_closeGizmoWhenLoadModel
2024-08-19 07:20:24 [INFO] sendData:  "{\n    \"appName\": \"AnycubicPhotonWorkshop_V3.3.0\",\n    \"appVersion\": \"v3.3.0\",\n    \"business\": \"\",\n    \"city\": \"\xE5\x9C\xA3\xE5\xBD\xBC\xE5\xBE\x97\xE5\xA0\xA1\",\n    \"country\": \"\xE4\xBF\x84\xE7\xBD\x97\xE6\x96\xAF\",\n    \"elementContent\": \"\",\n    \"elementType\": \"\",\n    \"eventName\": \"AppStart\",\n    \"function\": \"\",\n    \"isOverseasVersion\": true,\n    \"module\": \"\",\n    \"pcId\": \"0868f1c0f5cd3df7c2be666702c195a2\",\n    \"printerType\": \"\",\n    \"province\": \"\xE5\x88\x97\xE5\xAE\x81\xE6\xA0\xBC\xE5\x8B\x92\",\n    \"timestamp\": 1724041224,\n    \"title\": \"\",\n    \"userId\": 0\n}\n"
2024-08-19 07:20:24 [WARN] QFSFileEngine::open: No file name specified
2024-08-19 07:20:24 [WARN] Cannot open file '', because: No file name specified
2024-08-19 07:20:24 [WARN] QFSFileEngine::open: No file name specified
2024-08-19 07:20:24 [WARN] Cannot open file '', because: No file name specified
2024-08-19 07:20:24 [WARN] QFSFileEngine::open: No file name specified
2024-08-19 07:20:24 [WARN] Cannot open file '', because: No file name specified
2024-08-19 07:20:25 [WARN] void __cdecl EventMiniHandlerCallback::event(const struct ReasonResponse *,unsigned int)
2024-08-19 07:20:25 [WARN] QFSFileEngine::open: No file name specified
2024-08-19 07:20:25 [WARN] Cannot open file '', because: No file name specified
2024-08-19 07:20:25 [WARN] QFSFileEngine::open: No file name specified
2024-08-19 07:20:25 [WARN] Cannot open file '', because: No file name specified
2024-08-19 07:20:25 [WARN] QFSFileEngine::open: No file name specified
2024-08-19 07:20:25 [WARN] Cannot open file '', because: No file name specified
2024-08-19 07:20:25 [WARN] QFSFileEngine::open: No file name specified
2024-08-19 07:20:25 [WARN] Cannot open file '', because: No file name specified
2024-08-19 07:20:25 [WARN] QFSFileEngine::open: No file name specified
2024-08-19 07:20:25 [WARN] Cannot open file '', because: No file name specified
2024-08-19 07:20:25 [WARN] QFSFileEngine::open: No file name specified
2024-08-19 07:20:25 [WARN] Cannot open file '', because: No file name specified
2024-08-19 07:20:25 [WARN] QFSFileEngine::open: No file name specified
2024-08-19 07:20:25 [WARN] Cannot open file '', because: No file name specified
2024-08-19 07:20:25 [WARN] QFSFileEngine::open: No file name specified
2024-08-19 07:20:25 [WARN] Cannot open file '', because: No file name specified
2024-08-19 07:20:25 [WARN] QFSFileEngine::open: No file name specified
2024-08-19 07:20:25 [WARN] Cannot open file '', because: No file name specified
2024-08-19 07:20:25 [WARN] QFSFileEngine::open: No file name specified
2024-08-19 07:20:25 [WARN] Cannot open file '', because: No file name specified
2024-08-19 07:20:25 [WARN] QFSFileEngine::open: No file name specified
2024-08-19 07:20:25 [WARN] Cannot open file '', because: No file name specified
2024-08-19 07:20:25 [WARN] QFSFileEngine::open: No file name specified
2024-08-19 07:20:25 [WARN] Cannot open file '', because: No file name specified
2024-08-19 07:20:25 [WARN] QFSFileEngine::open: No file name specified
2024-08-19 07:20:25 [WARN] Cannot open file '', because: No file name specified
2024-08-19 07:20:25 [WARN] QFSFileEngine::open: No file name specified
2024-08-19 07:20:25 [WARN] Cannot open file '', because: No file name specified
2024-08-19 07:20:25 [WARN] QFSFileEngine::open: No file name specified
2024-08-19 07:20:25 [WARN] Cannot open file '', because: No file name specified
2024-08-19 07:20:25 [WARN] QFSFileEngine::open: No file name specified
2024-08-19 07:20:25 [WARN] Cannot open file '', because: No file name specified
2024-08-19 07:20:25 [WARN] QFSFileEngine::open: No file name specified
2024-08-19 07:20:25 [WARN] Cannot open file '', because: No file name specified
2024-08-19 07:20:25 [WARN] QFSFileEngine::open: No file name specified
2024-08-19 07:20:25 [WARN] Cannot open file '', because: No file name specified
2024-08-19 07:20:25 [WARN] QFSFileEngine::open: No file name specified
2024-08-19 07:20:25 [WARN] Cannot open file '', because: No file name specified
2024-08-19 07:20:25 [WARN] QFSFileEngine::open: No file name specified
2024-08-19 07:20:25 [WARN] Cannot open file '', because: No file name specified
2024-08-19 07:20:25 [WARN] QFSFileEngine::open: No file name specified
2024-08-19 07:20:25 [WARN] Cannot open file '', because: No file name specified
2024-08-19 07:20:30 [WARN] QFSFileEngine::open: No file name specified
2024-08-19 07:20:30 [WARN] Cannot open file '', because: No file name specified
2024-08-19 07:20:31 [WARN] QFSFileEngine::open: No file name specified
2024-08-19 07:20:31 [WARN] Cannot open file '', because: No file name specified
2024-08-19 07:20:31 [INFO] uiState:  false
2024-08-19 07:20:31 [WARN] enableMenuShortcut menushort cut: 8
2024-08-19 07:20:33 [WARN] void __cdecl PrintersDataModel::onReasonResponse(const struct ReasonResponse *,int)
count = 220
2024-08-19 07:20:34 [INFO] send post data success!
2024-08-19 07:21:21 [WARN] QFSFileEngine::open: No file name specified
2024-08-19 07:21:21 [WARN] Cannot open file '', because: No file name specified
2024-08-19 07:21:21 [INFO] uiState:  false
2024-08-19 07:21:21 [WARN] enableMenuShortcut menushort cut: 264
2024-08-19 07:21:21 [INFO] uiState:  false
2024-08-19 07:21:21 [WARN] enableMenuShortcut menushort cut: 392
2024-08-19 07:21:21 [INFO] uiState:  false
2024-08-19 07:21:21 [WARN] enableMenuShortcut menushort cut: 384
2024-08-19 07:21:21 [INFO] "doReportImportModelResult!"
2024-08-19 07:21:21 [INFO] event:  "ga_report" data:  QVariant(QByteArray, "{\n    \"business\": \"model_prepare\",\n    \"elementContent\": \"Import Files\",\n    \"elementType\": \"BUTTON\",\n    \"event\": \"ImportModelResult\",\n    \"function\": \"import_model\",\n    \"module\": \"menu_bar\",\n    \"printerType\": \"LCD\",\n    \"title\": \"\"\n}\n") extentionData:  QVariant(QByteArray, "{\n    \"importType\": \"4\",\n    \"modelInformation\": [\n        {\n            \"fileName\": \"\xD0\xA1\xD0\xB1\xD0\xBE\xD1\x80\xD0\xBA\xD0\xB0\",\n            \"fileSize\": 112451274,\n            \"fileType\": \"igs\",\n            \"isSuccess\": 0\n        }\n    ],\n    \"numberOfModel\": 1\n}\n")
2024-08-19 07:21:21 [INFO] uiState:  false
2024-08-19 07:21:21 [WARN] enableMenuShortcut menushort cut: 392
2024-08-19 07:21:21 [INFO] uiState:  false
2024-08-19 07:21:21 [WARN] enableMenuShortcut menushort cut: 384
2024-08-19 07:21:21 [INFO] "doReadMachineLcd setMachine Anycubic Photon Mono 2"
2024-08-19 07:21:21 [WARN] gizmo emit sceneModelChanged
2024-08-19 07:21:21 [WARN] ctrl_select IS_PROPERTY_SELECTED1  true 1
2024-08-19 07:21:21 [INFO] sendData:  "{\n    \"appName\": \"AnycubicPhotonWorkshop_V3.3.0\",\n    \"appVersion\": \"v3.3.0\",\n    \"business\": \"\",\n    \"city\": \"\xE5\x9C\xA3\xE5\xBD\xBC\xE5\xBE\x97\xE5\xA0\xA1\",\n    \"country\": \"\xE4\xBF\x84\xE7\xBD\x97\xE6\x96\xAF\",\n    \"elementContent\": \"\",\n    \"elementType\": \"\",\n    \"eventName\": \"ImportModelResult\",\n    \"function\": \"\",\n    \"isOverseasVersion\": true,\n    \"module\": \"\",\n    \"pcId\": \"0868f1c0f5cd3df7c2be666702c195a2\",\n    \"printerType\": \"\",\n    \"province\": \"\xE5\x88\x97\xE5\xAE\x81\xE6\xA0\xBC\xE5\x8B\x92\",\n    \"timestamp\": 1724041281,\n    \"title\": \"\",\n    \"userId\": 0\n}\n"
2024-08-19 07:21:21 [INFO] ComputeConditionNodeVisitor::apply(group):  "osg_model_group" nodeName =  "scene_model_root"
2024-08-19 07:21:21 [INFO] get_model_height() osg_model_group
2024-08-19 07:21:21 [INFO] ComputeConditionNodeVisitor::apply(group):  "osg_model_group" nodeName =  "scene_model_root"
2024-08-19 07:21:21 [INFO] ComputeConditionNodeVisitor::apply(group):  "osg_model_group" nodeName =  "scene_model_root"
2024-08-19 07:21:21 [INFO] send post data success!
2024-08-19 07:22:02 [INFO] "doReportBasicRepair!"
2024-08-19 07:22:02 [INFO] event:  "ga_report" data:  QVariant(QByteArray, "{\n    \"business\": \"model_prepare\",\n    \"elementContent\": \"Basic Repair\",\n    \"elementType\": \"BUTTON\",\n    \"event\": \"ClickBasicRepairButton\",\n    \"function\": \"repair\",\n    \"module\": \"top_toolbar\",\n    \"printerType\": \"LCD\",\n    \"title\": \"Repair Model(s)\"\n}\n") extentionData:  QVariant(Invalid)
2024-08-19 07:22:02 [INFO] uiState:  false
2024-08-19 07:22:02 [WARN] enableMenuShortcut menushort cut: 256
2024-08-19 07:22:02 [INFO] uiState:  false
2024-08-19 07:22:02 [WARN] enableMenuShortcut menushort cut: 264
2024-08-19 07:22:02 [INFO] sendData:  "{\n    \"appName\": \"AnycubicPhotonWorkshop_V3.3.0\",\n    \"appVersion\": \"v3.3.0\",\n    \"business\": \"\",\n    \"city\": \"\xE5\x9C\xA3\xE5\xBD\xBC\xE5\xBE\x97\xE5\xA0\xA1\",\n    \"country\": \"\xE4\xBF\x84\xE7\xBD\x97\xE6\x96\xAF\",\n    \"elementContent\": \"\",\n    \"elementType\": \"\",\n    \"eventName\": \"ClickBasicRepairButton\",\n    \"function\": \"\",\n    \"isOverseasVersion\": true,\n    \"module\": \"\",\n    \"pcId\": \"0868f1c0f5cd3df7c2be666702c195a2\",\n    \"printerType\": \"\",\n    \"province\": \"\xE5\x88\x97\xE5\xAE\x81\xE6\xA0\xBC\xE5\x8B\x92\",\n    \"timestamp\": 1724041322,\n    \"title\": \"\",\n    \"userId\": 0\n}\n"
2024-08-19 07:22:03 [INFO] send post data success!
2024-08-19 07:22:03 [WARN] current value =  3
2024-08-19 07:22:04 [WARN] current value =  4
2024-08-19 07:22:04 [WARN] current value =  5
2024-08-19 07:22:04 [INFO] event:  "main_cancel_progressbar" data:  QVariant(int, 16) extentionData:  QVariant(Invalid)
2024-08-19 07:22:04 [INFO] uiState:  false
2024-08-19 07:22:04 [WARN] enableMenuShortcut menushort cut: 256
2024-08-19 07:22:04 [WARN] cancel flag is true!! current value: 5
2024-08-19 07:22:05 [INFO] uiState:  true
2024-08-19 07:22:05 [WARN] enableMenuShortcut menushort cut: 0
2024-08-19 07:22:05 [INFO] osg_scene_root::traverse nv_class =  "CollectMatchGeodeVisitor" ,name =  "NodeVisitor"
2024-08-19 07:22:05 [INFO] osg_scene_root::traverse nv_class =  "CollectMatchGeodeVisitor" ,name =  "NodeVisitor"
2024-08-19 07:22:05 [INFO] osg_scene_root::traverse nv_class =  "CollectMatchGeodeVisitor" ,name =  "NodeVisitor"
2024-08-19 07:22:05 [INFO] osg_scene_root::traverse nv_class =  "CollectMatchGeodeVisitor" ,name =  "NodeVisitor"
2024-08-19 07:22:05 [INFO] osg_scene_root::traverse nv_class =  "CollectMatchGeodeVisitor" ,name =  "NodeVisitor"
2024-08-19 07:22:05 [INFO] osg_scene_root::traverse nv_class =  "CollectMatchGeodeVisitor" ,name =  "NodeVisitor"
2024-08-19 07:22:05 [INFO] osg_scene_root::traverse nv_class =  "CollectMatchGeodeVisitor" ,name =  "NodeVisitor"
2024-08-19 07:22:05 [INFO] osg_scene_root::traverse nv_class =  "CollectMatchGeodeVisitor" ,name =  "NodeVisitor"
2024-08-19 07:22:05 [INFO] osg_scene_root::traverse nv_class =  "CollectMatchGeodeVisitor" ,name =  "NodeVisitor"
2024-08-19 07:22:05 [INFO] osg_scene_root::traverse nv_class =  "CollectMatchGeodeVisitor" ,name =  "NodeVisitor"
2024-08-19 07:22:05 [INFO] osg_scene_root::traverse nv_class =  "CollectMatchGeodeVisitor" ,name =  "NodeVisitor"
2024-08-19 07:22:05 [INFO] osg_scene_root::traverse nv_class =  "CollectMatchGeodeVisitor" ,name =  "NodeVisitor"
2024-08-19 07:22:05 [INFO] osg_scene_root::traverse nv_class =  "CollectMatchGeodeVisitor" ,name =  "NodeVisitor"
2024-08-19 07:22:05 [INFO] osg_scene_root::traverse nv_class =  "CollectMatchGeodeVisitor" ,name =  "NodeVisitor"
2024-08-19 07:22:05 [INFO] osg_scene_root::traverse nv_class =  "CollectMatchGeodeVisitor" ,name =  "NodeVisitor"
2024-08-19 07:22:05 [INFO] osg_scene_root::traverse nv_class =  "CollectMatchGeodeVisitor" ,name =  "NodeVisitor"
2024-08-19 07:22:05 [INFO] osg_scene_root::traverse nv_class =  "CollectMatchGeodeVisitor" ,name =  "NodeVisitor"
2024-08-19 07:22:05 [INFO] osg_scene_root::traverse nv_class =  "CollectMatchGeodeVisitor" ,name =  "NodeVisitor"
2024-08-19 07:22:06 [INFO] osg_scene_root::traverse nv_class =  "CollectMatchGeodeVisitor" ,name =  "NodeVisitor"
2024-08-19 07:22:06 [INFO] osg_scene_root::traverse nv_class =  "CollectMatchGeodeVisitor" ,name =  "NodeVisitor"
2024-08-19 07:22:06 [INFO] osg_scene_root::traverse nv_class =  "CollectMatchGeodeVisitor" ,name =  "NodeVisitor"
2024-08-19 07:22:06 [INFO] osg_scene_root::traverse nv_class =  "CollectMatchGeodeVisitor" ,name =  "NodeVisitor"
2024-08-19 07:22:06 [INFO] osg_scene_root::traverse nv_class =  "CollectMatchGeodeVisitor" ,name =  "NodeVisitor"
2024-08-19 07:22:06 [INFO] osg_scene_root::traverse nv_class =  "CollectMatchGeodeVisitor" ,name =  "NodeVisitor"
2024-08-19 07:22:06 [INFO] osg_scene_root::traverse nv_class =  "CollectMatchGeodeVisitor" ,name =  "NodeVisitor"
2024-08-19 07:22:06 [INFO] osg_scene_root::traverse nv_class =  "CollectMatchGeodeVisitor" ,name =  "NodeVisitor"
2024-08-19 07:22:06 [INFO] osg_scene_root::traverse nv_class =  "CollectMatchGeodeVisitor" ,name =  "NodeVisitor"
2024-08-19 07:22:06 [INFO] osg_scene_root::traverse nv_class =  "CollectMatchGeodeVisitor" ,name =  "NodeVisitor"
2024-08-19 07:22:07 [INFO] osg_scene_root::traverse nv_class =  "CollectMatchGeodeVisitor" ,name =  "NodeVisitor"
2024-08-19 07:22:07 [INFO] osg_scene_root::traverse nv_class =  "CollectMatchGeodeVisitor" ,name =  "NodeVisitor"
2024-08-19 07:22:07 [INFO] osg_scene_root::traverse nv_class =  "CollectMatchGeodeVisitor" ,name =  "NodeVisitor"
2024-08-19 07:22:07 [INFO] osg_scene_root::traverse nv_class =  "CollectMatchGeodeVisitor" ,name =  "NodeVisitor"
2024-08-19 07:22:07 [INFO] osg_scene_root::traverse nv_class =  "CollectMatchGeodeVisitor" ,name =  "NodeVisitor"
2024-08-19 07:22:07 [INFO] osg_scene_root::traverse nv_class =  "CollectMatchGeodeVisitor" ,name =  "NodeVisitor"
2024-08-19 07:22:07 [INFO] osg_scene_root::traverse nv_class =  "CollectMatchGeodeVisitor" ,name =  "NodeVisitor"
2024-08-19 07:22:07 [INFO] osg_scene_root::traverse nv_class =  "CollectMatchGeodeVisitor" ,name =  "NodeVisitor"
2024-08-19 07:22:07 [INFO] osg_scene_root::traverse nv_class =  "CollectMatchGeodeVisitor" ,name =  "NodeVisitor"
2024-08-19 07:22:07 [INFO] osg_scene_root::traverse nv_class =  "CollectMatchGeodeVisitor" ,name =  "NodeVisitor"
2024-08-19 07:22:07 [INFO] osg_scene_root::traverse nv_class =  "CollectMatchGeodeVisitor" ,name =  "NodeVisitor"
2024-08-19 07:22:07 [INFO] osg_scene_root::traverse nv_class =  "CollectMatchGeodeVisitor" ,name =  "NodeVisitor"
2024-08-19 07:22:07 [INFO] osg_scene_root::traverse nv_class =  "CollectMatchGeodeVisitor" ,name =  "NodeVisitor"
2024-08-19 07:22:07 [INFO] osg_scene_root::traverse nv_class =  "CollectMatchGeodeVisitor" ,name =  "NodeVisitor"
2024-08-19 07:22:07 [INFO] osg_scene_root::traverse nv_class =  "CollectMatchGeodeVisitor" ,name =  "NodeVisitor"
2024-08-19 07:22:07 [INFO] osg_scene_root::traverse nv_class =  "CollectMatchGeodeVisitor" ,name =  "NodeVisitor"
2024-08-19 07:22:07 [INFO] osg_scene_root::traverse nv_class =  "CollectMatchGeodeVisitor" ,name =  "NodeVisitor"
2024-08-19 07:22:07 [INFO] osg_scene_root::traverse nv_class =  "CollectMatchGeodeVisitor" ,name =  "NodeVisitor"
2024-08-19 07:22:07 [INFO] osg_scene_root::traverse nv_class =  "CollectMatchGeodeVisitor" ,name =  "NodeVisitor"
2024-08-19 07:22:07 [INFO] osg_scene_root::traverse nv_class =  "CollectMatchGeodeVisitor" ,name =  "NodeVisitor"
2024-08-19 07:22:07 [INFO] osg_scene_root::traverse nv_class =  "CollectMatchGeodeVisitor" ,name =  "NodeVisitor"
2024-08-19 07:22:07 [INFO] osg_scene_root::traverse nv_class =  "CollectMatchGeodeVisitor" ,name =  "NodeVisitor"
2024-08-19 07:22:07 [INFO] osg_scene_root::traverse nv_class =  "CollectMatchGeodeVisitor" ,name =  "NodeVisitor"
2024-08-19 07:22:07 [INFO] osg_scene_root::traverse nv_class =  "CollectMatchGeodeVisitor" ,name =  "NodeVisitor"
2024-08-19 07:22:07 [INFO] osg_scene_root::traverse nv_class =  "CollectMatchGeodeVisitor" ,name =  "NodeVisitor"
2024-08-19 07:22:07 [INFO] osg_scene_root::traverse nv_class =  "CollectMatchGeodeVisitor" ,name =  "NodeVisitor"
2024-08-19 07:22:07 [INFO] osg_scene_root::traverse nv_class =  "CollectMatchGeodeVisitor" ,name =  "NodeVisitor"
2024-08-19 07:22:07 [INFO] osg_scene_root::traverse nv_class =  "CollectMatchGeodeVisitor" ,name =  "NodeVisitor"
2024-08-19 07:22:07 [INFO] osg_scene_root::traverse nv_class =  "CollectMatchGeodeVisitor" ,name =  "NodeVisitor"
2024-08-19 07:22:07 [INFO] osg_scene_root::traverse nv_class =  "CollectMatchGeodeVisitor" ,name =  "NodeVisitor"
2024-08-19 07:22:07 [INFO] osg_scene_root::traverse nv_class =  "CollectMatchGeodeVisitor" ,name =  "NodeVisitor"
2024-08-19 07:22:07 [INFO] osg_scene_root::traverse nv_class =  "CollectMatchGeodeVisitor" ,name =  "NodeVisitor"
2024-08-19 07:22:07 [INFO] osg_scene_root::traverse nv_class =  "CollectMatchGeodeVisitor" ,name =  "NodeVisitor"
2024-08-19 07:22:07 [INFO] osg_scene_root::traverse nv_class =  "CollectMatchGeodeVisitor" ,name =  "NodeVisitor"
2024-08-19 07:22:07 [INFO] osg_scene_root::traverse nv_class =  "CollectMatchGeodeVisitor" ,name =  "NodeVisitor"
2024-08-19 07:22:07 [INFO] osg_scene_root::traverse nv_class =  "CollectMatchGeodeVisitor" ,name =  "NodeVisitor"
2024-08-19 07:22:07 [INFO] osg_scene_root::traverse nv_class =  "CollectMatchGeodeVisitor" ,name =  "NodeVisitor"
2024-08-19 07:22:07 [INFO] osg_scene_root::traverse nv_class =  "CollectMatchGeodeVisitor" ,name =  "NodeVisitor"
2024-08-19 07:22:07 [INFO] osg_scene_root::traverse nv_class =  "CollectMatchGeodeVisitor" ,name =  "NodeVisitor"
2024-08-19 07:22:07 [INFO] osg_scene_root::traverse nv_class =  "CollectMatchGeodeVisitor" ,name =  "NodeVisitor"
2024-08-19 07:22:07 [INFO] osg_scene_root::traverse nv_class =  "CollectMatchGeodeVisitor" ,name =  "NodeVisitor"
2024-08-19 07:22:07 [INFO] osg_scene_root::traverse nv_class =  "CollectMatchGeodeVisitor" ,name =  "NodeVisitor"
2024-08-19 07:22:07 [INFO] osg_scene_root::traverse nv_class =  "CollectMatchGeodeVisitor" ,name =  "NodeVisitor"
2024-08-19 07:22:08 [INFO] osg_scene_root::traverse nv_class =  "CollectMatchGeodeVisitor" ,name =  "NodeVisitor"
2024-08-19 07:22:08 [INFO] osg_scene_root::traverse nv_class =  "CollectMatchGeodeVisitor" ,name =  "NodeVisitor"
2024-08-19 07:22:08 [INFO] osg_scene_root::traverse nv_class =  "CollectMatchGeodeVisitor" ,name =  "NodeVisitor"
2024-08-19 07:22:08 [INFO] osg_scene_root::traverse nv_class =  "CollectMatchGeodeVisitor" ,name =  "NodeVisitor"
2024-08-19 07:22:08 [INFO] osg_scene_root::traverse nv_class =  "CollectMatchGeodeVisitor" ,name =  "NodeVisitor"
2024-08-19 07:22:08 [INFO] osg_scene_root::traverse nv_class =  "CollectMatchGeodeVisitor" ,name =  "NodeVisitor"
2024-08-19 07:22:08 [INFO] osg_scene_root::traverse nv_class =  "CollectMatchGeodeVisitor" ,name =  "NodeVisitor"
2024-08-19 07:22:08 [INFO] osg_scene_root::traverse nv_class =  "CollectMatchGeodeVisitor" ,name =  "NodeVisitor"
2024-08-19 07:22:08 [INFO] osg_scene_root::traverse nv_class =  "CollectMatchGeodeVisitor" ,name =  "NodeVisitor"
2024-08-19 07:22:08 [INFO] osg_scene_root::traverse nv_class =  "CollectMatchGeodeVisitor" ,name =  "NodeVisitor"
2024-08-19 07:22:08 [INFO] osg_scene_root::traverse nv_class =  "CollectMatchGeodeVisitor" ,name =  "NodeVisitor"
2024-08-19 07:22:08 [INFO] osg_scene_root::traverse nv_class =  "CollectMatchGeodeVisitor" ,name =  "NodeVisitor"
2024-08-19 07:22:08 [INFO] osg_scene_root::traverse nv_class =  "CollectMatchGeodeVisitor" ,name =  "NodeVisitor"
2024-08-19 07:22:08 [INFO] osg_scene_root::traverse nv_class =  "CollectMatchGeodeVisitor" ,name =  "NodeVisitor"
2024-08-19 07:22:08 [INFO] osg_scene_root::traverse nv_class =  "CollectMatchGeodeVisitor" ,name =  "NodeVisitor"
2024-08-19 07:22:08 [INFO] osg_scene_root::traverse nv_class =  "CollectMatchGeodeVisitor" ,name =  "NodeVisitor"
2024-08-19 07:22:08 [INFO] osg_scene_root::traverse nv_class =  "CollectMatchGeodeVisitor" ,name =  "NodeVisitor"
2024-08-19 07:22:08 [INFO] osg_scene_root::traverse nv_class =  "CollectMatchGeodeVisitor" ,name =  "NodeVisitor"
2024-08-19 07:22:08 [INFO] osg_scene_root::traverse nv_class =  "CollectMatchGeodeVisitor" ,name =  "NodeVisitor"
2024-08-19 07:22:08 [INFO] osg_scene_root::traverse nv_class =  "CollectMatchGeodeVisitor" ,name =  "NodeVisitor"
2024-08-19 07:22:08 [INFO] osg_scene_root::traverse nv_class =  "CollectMatchGeodeVisitor" ,name =  "NodeVisitor"
2024-08-19 07:22:08 [INFO] osg_scene_root::traverse nv_class =  "CollectMatchGeodeVisitor" ,name =  "NodeVisitor"
2024-08-19 07:22:08 [INFO] osg_scene_root::traverse nv_class =  "CollectMatchGeodeVisitor" ,name =  "NodeVisitor"
2024-08-19 07:22:08 [INFO] osg_scene_root::traverse nv_class =  "CollectMatchGeodeVisitor" ,name =  "NodeVisitor"
2024-08-19 07:22:08 [INFO] osg_scene_root::traverse nv_class =  "CollectMatchGeodeVisitor" ,name =  "NodeVisitor"
2024-08-19 07:22:08 [INFO] osg_scene_root::traverse nv_class =  "CollectMatchGeodeVisitor" ,name =  "NodeVisitor"
2024-08-19 07:22:08 [INFO] osg_scene_root::traverse nv_class =  "CollectMatchGeodeVisitor" ,name =  "NodeVisitor"
2024-08-19 07:22:08 [INFO] osg_scene_root::traverse nv_class =  "CollectMatchGeodeVisitor" ,name =  "NodeVisitor"
2024-08-19 07:22:08 [INFO] osg_scene_root::traverse nv_class =  "CollectMatchGeodeVisitor" ,name =  "NodeVisitor"
2024-08-19 07:22:08 [INFO] osg_scene_root::traverse nv_class =  "CollectMatchGeodeVisitor" ,name =  "NodeVisitor"
2024-08-19 07:22:08 [INFO] osg_scene_root::traverse nv_class =  "CollectMatchGeodeVisitor" ,name =  "NodeVisitor"
2024-08-19 07:22:08 [INFO] osg_scene_root::traverse nv_class =  "CollectMatchGeodeVisitor" ,name =  "NodeVisitor"
2024-08-19 07:22:08 [INFO] osg_scene_root::traverse nv_class =  "CollectMatchGeodeVisitor" ,name =  "NodeVisitor"
2024-08-19 07:22:08 [INFO] osg_scene_root::traverse nv_class =  "CollectMatchGeodeVisitor" ,name =  "NodeVisitor"
2024-08-19 07:22:08 [INFO] osg_scene_root::traverse nv_class =  "CollectMatchGeodeVisitor" ,name =  "NodeVisitor"
2024-08-19 07:22:08 [INFO] osg_scene_root::traverse nv_class =  "CollectMatchGeodeVisitor" ,name =  "NodeVisitor"
2024-08-19 07:22:08 [INFO] osg_scene_root::traverse nv_class =  "CollectMatchGeodeVisitor" ,name =  "NodeVisitor"
2024-08-19 07:22:08 [INFO] osg_scene_root::traverse nv_class =  "CollectMatchGeodeVisitor" ,name =  "NodeVisitor"
2024-08-19 07:22:08 [INFO] osg_scene_root::traverse nv_class =  "CollectMatchGeodeVisitor" ,name =  "NodeVisitor"
2024-08-19 07:22:08 [INFO] osg_scene_root::traverse nv_class =  "CollectMatchGeodeVisitor" ,name =  "NodeVisitor"
2024-08-19 07:22:08 [INFO] osg_scene_root::traverse nv_class =  "CollectMatchGeodeVisitor" ,name =  "NodeVisitor"
2024-08-19 07:22:08 [INFO] osg_scene_root::traverse nv_class =  "CollectMatchGeodeVisitor" ,name =  "NodeVisitor"
2024-08-19 07:22:08 [INFO] osg_scene_root::traverse nv_class =  "CollectMatchGeodeVisitor" ,name =  "NodeVisitor"
2024-08-19 07:22:08 [INFO] osg_scene_root::traverse nv_class =  "CollectMatchGeodeVisitor" ,name =  "NodeVisitor"
2024-08-19 07:22:08 [INFO] osg_scene_root::traverse nv_class =  "CollectMatchGeodeVisitor" ,name =  "NodeVisitor"
2024-08-19 07:22:08 [INFO] osg_scene_root::traverse nv_class =  "CollectMatchGeodeVisitor" ,name =  "NodeVisitor"
2024-08-19 07:22:08 [INFO] osg_scene_root::traverse nv_class =  "CollectMatchGeodeVisitor" ,name =  "NodeVisitor"
2024-08-19 07:22:08 [INFO] osg_scene_root::traverse nv_class =  "CollectMatchGeodeVisitor" ,name =  "NodeVisitor"
2024-08-19 07:22:09 [INFO] osg_scene_root::traverse nv_class =  "CollectMatchGeodeVisitor" ,name =  "NodeVisitor"
2024-08-19 07:22:09 [INFO] osg_scene_root::traverse nv_class =  "CollectMatchGeodeVisitor" ,name =  "NodeVisitor"
2024-08-19 07:22:09 [INFO] osg_scene_root::traverse nv_class =  "CollectMatchGeodeVisitor" ,name =  "NodeVisitor"
2024-08-19 07:22:09 [INFO] osg_scene_root::traverse nv_class =  "CollectMatchGeodeVisitor" ,name =  "NodeVisitor"
2024-08-19 07:22:09 [INFO] osg_scene_root::traverse nv_class =  "CollectMatchGeodeVisitor" ,name =  "NodeVisitor"
2024-08-19 07:22:09 [INFO] osg_scene_root::traverse nv_class =  "CollectMatchGeodeVisitor" ,name =  "NodeVisitor"
2024-08-19 07:22:09 [INFO] osg_scene_root::traverse nv_class =  "CollectMatchGeodeVisitor" ,name =  "NodeVisitor"
2024-08-19 07:22:09 [INFO] osg_scene_root::traverse nv_class =  "CollectMatchGeodeVisitor" ,name =  "NodeVisitor"
2024-08-19 07:22:09 [INFO] osg_scene_root::traverse nv_class =  "CollectMatchGeodeVisitor" ,name =  "NodeVisitor"
2024-08-19 07:22:09 [INFO] osg_scene_root::traverse nv_class =  "CollectMatchGeodeVisitor" ,name =  "NodeVisitor"
2024-08-19 07:22:09 [INFO] osg_scene_root::traverse nv_class =  "CollectMatchGeodeVisitor" ,name =  "NodeVisitor"
2024-08-19 07:22:09 [INFO] osg_scene_root::traverse nv_class =  "CollectMatchGeodeVisitor" ,name =  "NodeVisitor"
2024-08-19 07:22:09 [INFO] osg_scene_root::traverse nv_class =  "CollectMatchGeodeVisitor" ,name =  "NodeVisitor"
2024-08-19 07:22:09 [INFO] osg_scene_root::traverse nv_class =  "CollectMatchGeodeVisitor" ,name =  "NodeVisitor"
2024-08-19 07:22:09 [INFO] osg_scene_root::traverse nv_class =  "CollectMatchGeodeVisitor" ,name =  "NodeVisitor"
2024-08-19 07:22:09 [INFO] osg_scene_root::traverse nv_class =  "CollectMatchGeodeVisitor" ,name =  "NodeVisitor"
2024-08-19 07:22:09 [INFO] osg_scene_root::traverse nv_class =  "CollectMatchGeodeVisitor" ,name =  "NodeVisitor"
2024-08-19 07:22:09 [INFO] osg_scene_root::traverse nv_class =  "CollectMatchGeodeVisitor" ,name =  "NodeVisitor"
2024-08-19 07:22:09 [INFO] osg_scene_root::traverse nv_class =  "CollectMatchGeodeVisitor" ,name =  "NodeVisitor"
2024-08-19 07:22:09 [INFO] osg_scene_root::traverse nv_class =  "CollectMatchGeodeVisitor" ,name =  "NodeVisitor"
2024-08-19 07:22:09 [INFO] osg_scene_root::traverse nv_class =  "CollectMatchGeodeVisitor" ,name =  "NodeVisitor"
2024-08-19 07:22:09 [INFO] osg_scene_root::traverse nv_class =  "CollectMatchGeodeVisitor" ,name =  "NodeVisitor"
2024-08-19 07:22:09 [INFO] osg_scene_root::traverse nv_class =  "CollectMatchGeodeVisitor" ,name =  "NodeVisitor"
2024-08-19 07:22:09 [INFO] osg_scene_root::traverse nv_class =  "CollectMatchGeodeVisitor" ,name =  "NodeVisitor"
2024-08-19 07:22:09 [INFO] osg_scene_root::traverse nv_class =  "CollectMatchGeodeVisitor" ,name =  "NodeVisitor"
2024-08-19 07:22:09 [INFO] osg_scene_root::traverse nv_class =  "CollectMatchGeodeVisitor" ,name =  "NodeVisitor"
2024-08-19 07:22:09 [INFO] osg_scene_root::traverse nv_class =  "CollectMatchGeodeVisitor" ,name =  "NodeVisitor"
2024-08-19 07:22:09 [INFO] osg_scene_root::traverse nv_class =  "CollectMatchGeodeVisitor" ,name =  "NodeVisitor"
2024-08-19 07:22:09 [INFO] osg_scene_root::traverse nv_class =  "CollectMatchGeodeVisitor" ,name =  "NodeVisitor"
2024-08-19 07:22:09 [INFO] osg_scene_root::traverse nv_class =  "CollectMatchGeodeVisitor" ,name =  "NodeVisitor"
2024-08-19 07:22:09 [INFO] osg_scene_root::traverse nv_class =  "CollectMatchGeodeVisitor" ,name =  "NodeVisitor"
2024-08-19 07:22:09 [INFO] osg_scene_root::traverse nv_class =  "CollectMatchGeodeVisitor" ,name =  "NodeVisitor"
2024-08-19 07:22:09 [INFO] osg_scene_root::traverse nv_class =  "CollectMatchGeodeVisitor" ,name =  "NodeVisitor"
2024-08-19 07:22:09 [INFO] osg_scene_root::traverse nv_class =  "CollectMatchGeodeVisitor" ,name =  "NodeVisitor"
2024-08-19 07:22:09 [INFO] osg_scene_root::traverse nv_class =  "CollectMatchGeodeVisitor" ,name =  "NodeVisitor"
2024-08-19 07:22:09 [INFO] osg_scene_root::traverse nv_class =  "CollectMatchGeodeVisitor" ,name =  "NodeVisitor"
2024-08-19 07:22:09 [INFO] osg_scene_root::traverse nv_class =  "CollectMatchGeodeVisitor" ,name =  "NodeVisitor"
2024-08-19 07:22:09 [INFO] osg_scene_root::traverse nv_class =  "CollectMatchGeodeVisitor" ,name =  "NodeVisitor"
2024-08-19 07:22:09 [INFO] osg_scene_root::traverse nv_class =  "CollectMatchGeodeVisitor" ,name =  "NodeVisitor"
2024-08-19 07:22:09 [INFO] osg_scene_root::traverse nv_class =  "CollectMatchGeodeVisitor" ,name =  "NodeVisitor"
2024-08-19 07:22:09 [INFO] osg_scene_root::traverse nv_class =  "CollectMatchGeodeVisitor" ,name =  "NodeVisitor"
2024-08-19 07:22:09 [INFO] osg_scene_root::traverse nv_class =  "CollectMatchGeodeVisitor" ,name =  "NodeVisitor"
2024-08-19 07:22:09 [INFO] osg_scene_root::traverse nv_class =  "CollectMatchGeodeVisitor" ,name =  "NodeVisitor"
2024-08-19 07:22:09 [INFO] osg_scene_root::traverse nv_class =  "CollectMatchGeodeVisitor" ,name =  "NodeVisitor"
2024-08-19 07:22:09 [INFO] osg_scene_root::traverse nv_class =  "CollectMatchGeodeVisitor" ,name =  "NodeVisitor"
2024-08-19 07:22:09 [INFO] osg_scene_root::traverse nv_class =  "CollectMatchGeodeVisitor" ,name =  "NodeVisitor"
2024-08-19 07:22:09 [INFO] osg_scene_root::traverse nv_class =  "CollectMatchGeodeVisitor" ,name =  "NodeVisitor"
2024-08-19 07:22:10 [INFO] osg_scene_root::traverse nv_class =  "CollectMatchGeodeVisitor" ,name =  "NodeVisitor"
2024-08-19 07:22:10 [INFO] osg_scene_root::traverse nv_class =  "CollectMatchGeodeVisitor" ,name =  "NodeVisitor"
2024-08-19 07:22:10 [INFO] osg_scene_root::traverse nv_class =  "CollectMatchGeodeVisitor" ,name =  "NodeVisitor"
2024-08-19 07:22:10 [INFO] osg_scene_root::traverse nv_class =  "CollectMatchGeodeVisitor" ,name =  "NodeVisitor"
2024-08-19 07:22:10 [INFO] osg_scene_root::traverse nv_class =  "CollectMatchGeodeVisitor" ,name =  "NodeVisitor"
2024-08-19 07:22:10 [INFO] osg_scene_root::traverse nv_class =  "CollectMatchGeodeVisitor" ,name =  "NodeVisitor"
2024-08-19 07:22:10 [INFO] osg_scene_root::traverse nv_class =  "CollectMatchGeodeVisitor" ,name =  "NodeVisitor"
2024-08-19 07:22:10 [INFO] osg_scene_root::traverse nv_class =  "CollectMatchGeodeVisitor" ,name =  "NodeVisitor"
2024-08-19 07:22:10 [INFO] osg_scene_root::traverse nv_class =  "CollectMatchGeodeVisitor" ,name =  "NodeVisitor"
2024-08-19 07:22:10 [INFO] osg_scene_root::traverse nv_class =  "CollectMatchGeodeVisitor" ,name =  "NodeVisitor"
2024-08-19 07:22:10 [INFO] osg_scene_root::traverse nv_class =  "CollectMatchGeodeVisitor" ,name =  "NodeVisitor"
2024-08-19 07:22:10 [INFO] osg_scene_root::traverse nv_class =  "CollectMatchGeodeVisitor" ,name =  "NodeVisitor"
2024-08-19 07:22:10 [INFO] osg_scene_root::traverse nv_class =  "CollectMatchGeodeVisitor" ,name =  "NodeVisitor"
2024-08-19 07:22:10 [INFO] osg_scene_root::traverse nv_class =  "CollectMatchGeodeVisitor" ,name =  "NodeVisitor"
2024-08-19 07:22:10 [INFO] osg_scene_root::traverse nv_class =  "CollectMatchGeodeVisitor" ,name =  "NodeVisitor"
2024-08-19 07:22:10 [INFO] osg_scene_root::traverse nv_class =  "CollectMatchGeodeVisitor" ,name =  "NodeVisitor"
2024-08-19 07:22:10 [INFO] osg_scene_root::traverse nv_class =  "CollectMatchGeodeVisitor" ,name =  "NodeVisitor"
2024-08-19 07:22:10 [INFO] osg_scene_root::traverse nv_class =  "CollectMatchGeodeVisitor" ,name =  "NodeVisitor"
2024-08-19 07:22:10 [INFO] osg_scene_root::traverse nv_class =  "CollectMatchGeodeVisitor" ,name =  "NodeVisitor"
2024-08-19 07:22:10 [INFO] osg_scene_root::traverse nv_class =  "CollectMatchGeodeVisitor" ,name =  "NodeVisitor"
2024-08-19 07:22:10 [INFO] osg_scene_root::traverse nv_class =  "CollectMatchGeodeVisitor" ,name =  "NodeVisitor"
2024-08-19 07:22:10 [INFO] osg_scene_root::traverse nv_class =  "CollectMatchGeodeVisitor" ,name =  "NodeVisitor"
2024-08-19 07:22:10 [INFO] osg_scene_root::traverse nv_class =  "CollectMatchGeodeVisitor" ,name =  "NodeVisitor"
2024-08-19 07:22:10 [INFO] osg_scene_root::traverse nv_class =  "CollectMatchGeodeVisitor" ,name =  "NodeVisitor"
2024-08-19 07:22:10 [INFO] osg_scene_root::traverse nv_class =  "CollectMatchGeodeVisitor" ,name =  "NodeVisitor"
2024-08-19 07:22:10 [INFO] osg_scene_root::traverse nv_class =  "CollectMatchGeodeVisitor" ,name =  "NodeVisitor"
2024-08-19 07:22:10 [INFO] osg_scene_root::traverse nv_class =  "CollectMatchGeodeVisitor" ,name =  "NodeVisitor"
2024-08-19 07:22:10 [INFO] osg_scene_root::traverse nv_class =  "CollectMatchGeodeVisitor" ,name =  "NodeVisitor"
2024-08-19 07:22:10 [INFO] osg_scene_root::traverse nv_class =  "CollectMatchGeodeVisitor" ,name =  "NodeVisitor"
2024-08-19 07:22:10 [INFO] osg_scene_root::traverse nv_class =  "CollectMatchGeodeVisitor" ,name =  "NodeVisitor"
2024-08-19 07:22:10 [INFO] osg_scene_root::traverse nv_class =  "CollectMatchGeodeVisitor" ,name =  "NodeVisitor"
2024-08-19 07:22:10 [INFO] osg_scene_root::traverse nv_class =  "CollectMatchGeodeVisitor" ,name =  "NodeVisitor"
2024-08-19 07:22:10 [INFO] osg_scene_root::traverse nv_class =  "CollectMatchGeodeVisitor" ,name =  "NodeVisitor"
2024-08-19 07:22:10 [INFO] osg_scene_root::traverse nv_class =  "CollectMatchGeodeVisitor" ,name =  "NodeVisitor"
2024-08-19 07:22:10 [INFO] osg_scene_root::traverse nv_class =  "CollectMatchGeodeVisitor" ,name =  "NodeVisitor"
2024-08-19 07:22:10 [INFO] osg_scene_root::traverse nv_class =  "CollectMatchGeodeVisitor" ,name =  "NodeVisitor"
2024-08-19 07:22:10 [INFO] osg_scene_root::traverse nv_class =  "CollectMatchGeodeVisitor" ,name =  "NodeVisitor"
2024-08-19 07:22:10 [INFO] osg_scene_root::traverse nv_class =  "CollectMatchGeodeVisitor" ,name =  "NodeVisitor"
2024-08-19 07:22:10 [INFO] osg_scene_root::traverse nv_class =  "CollectMatchGeodeVisitor" ,name =  "NodeVisitor"
2024-08-19 07:22:10 [INFO] osg_scene_root::traverse nv_class =  "CollectMatchGeodeVisitor" ,name =  "NodeVisitor"
2024-08-19 07:22:11 [INFO] osg_scene_root::traverse nv_class =  "CollectMatchGeodeVisitor" ,name =  "NodeVisitor"
2024-08-19 07:22:11 [INFO] osg_scene_root::traverse nv_class =  "CollectMatchGeodeVisitor" ,name =  "NodeVisitor"
2024-08-19 07:22:11 [INFO] osg_scene_root::traverse nv_class =  "CollectMatchGeodeVisitor" ,name =  "NodeVisitor"
2024-08-19 07:22:11 [INFO] osg_scene_root::traverse nv_class =  "CollectMatchGeodeVisitor" ,name =  "NodeVisitor"
2024-08-19 07:22:11 [INFO] osg_scene_root::traverse nv_class =  "CollectMatchGeodeVisitor" ,name =  "NodeVisitor"
2024-08-19 07:22:11 [INFO] osg_scene_root::traverse nv_class =  "CollectMatchGeodeVisitor" ,name =  "NodeVisitor"
2024-08-19 07:22:11 [INFO] osg_scene_root::traverse nv_class =  "CollectMatchGeodeVisitor" ,name =  "NodeVisitor"
2024-08-19 07:22:11 [INFO] osg_scene_root::traverse nv_class =  "CollectMatchGeodeVisitor" ,name =  "NodeVisitor"
2024-08-19 07:22:11 [INFO] osg_scene_root::traverse nv_class =  "CollectMatchGeodeVisitor" ,name =  "NodeVisitor"
2024-08-19 07:22:11 [INFO] osg_scene_root::traverse nv_class =  "CollectMatchGeodeVisitor" ,name =  "NodeVisitor"
2024-08-19 07:22:11 [INFO] osg_scene_root::traverse nv_class =  "CollectMatchGeodeVisitor" ,name =  "NodeVisitor"
2024-08-19 07:22:11 [INFO] osg_scene_root::traverse nv_class =  "CollectMatchGeodeVisitor" ,name =  "NodeVisitor"
2024-08-19 07:22:11 [INFO] osg_scene_root::traverse nv_class =  "CollectMatchGeodeVisitor" ,name =  "NodeVisitor"
2024-08-19 07:22:11 [INFO] osg_scene_root::traverse nv_class =  "CollectMatchGeodeVisitor" ,name =  "NodeVisitor"
2024-08-19 07:22:11 [INFO] osg_scene_root::traverse nv_class =  "CollectMatchGeodeVisitor" ,name =  "NodeVisitor"
2024-08-19 07:22:11 [INFO] osg_scene_root::traverse nv_class =  "CollectMatchGeodeVisitor" ,name =  "NodeVisitor"
2024-08-19 07:22:11 [INFO] osg_scene_root::traverse nv_class =  "CollectMatchGeodeVisitor" ,name =  "NodeVisitor"
2024-08-19 07:22:11 [INFO] osg_scene_root::traverse nv_class =  "CollectMatchGeodeVisitor" ,name =  "NodeVisitor"
2024-08-19 07:22:11 [INFO] osg_scene_root::traverse nv_class =  "CollectMatchGeodeVisitor" ,name =  "NodeVisitor"
2024-08-19 07:22:11 [INFO] osg_scene_root::traverse nv_class =  "CollectMatchGeodeVisitor" ,name =  "NodeVisitor"
2024-08-19 07:22:11 [INFO] osg_scene_root::traverse nv_class =  "CollectMatchGeodeVisitor" ,name =  "NodeVisitor"
2024-08-19 07:22:11 [INFO] osg_scene_root::traverse nv_class =  "CollectMatchGeodeVisitor" ,name =  "NodeVisitor"
2024-08-19 07:22:11 [INFO] osg_scene_root::traverse nv_class =  "CollectMatchGeodeVisitor" ,name =  "NodeVisitor"
2024-08-19 07:22:11 [INFO] osg_scene_root::traverse nv_class =  "CollectMatchGeodeVisitor" ,name =  "NodeVisitor"
2024-08-19 07:22:11 [INFO] osg_scene_root::traverse nv_class =  "CollectMatchGeodeVisitor" ,name =  "NodeVisitor"
2024-08-19 07:22:11 [INFO] osg_scene_root::traverse nv_class =  "CollectMatchGeodeVisitor" ,name =  "NodeVisitor"
2024-08-19 07:22:11 [INFO] osg_scene_root::traverse nv_class =  "CollectMatchGeodeVisitor" ,name =  "NodeVisitor"
2024-08-19 07:22:11 [INFO] osg_scene_root::traverse nv_class =  "CollectMatchGeodeVisitor" ,name =  "NodeVisitor"
2024-08-19 07:22:11 [INFO] osg_scene_root::traverse nv_class =  "CollectMatchGeodeVisitor" ,name =  "NodeVisitor"
2024-08-19 07:22:12 [INFO] scene modifyed:  true
2024-08-19 07:22:12 [WARN] QFSFileEngine::open: No file name specified
2024-08-19 07:22:12 [WARN] Cannot open file '', because: No file name specified
2024-08-19 07:22:12 [INFO] uiState:  false
2024-08-19 07:22:15 [INFO] uiState:  true
2024-08-19 07:22:15 [INFO] save support file is success!
2024-08-19 07:22:15 [INFO] AnycubicPhotonWorkshop end!
2024-08-19 07:22:16 [WARN] QThreadStorage: Thread 0x17f8957bd90 exited after QThreadStorage 7 destroyed
